2025-09-29 15:41:05,779 [INFO] Activator:176 - 


2025-09-29 15:41:05,782 [INFO] Activator:177 - !SESSION log4j initialized
2025-09-29 15:41:16,320 [INFO] LogOutputStream:77 - [STDOUT_REDIRECT] 
2025-09-29 15:41:21,736 [INFO] ApplicationProperties:184 - Using Application install path: /opt/st/stm32cubeide_1.19.0/plugins/com.st.stm32cube.common.mx_6.15.0.202507011659
2025-09-29 15:41:21,962 [INFO] DbMcusXml:78 - Set database path to: /opt/st/stm32cubeide_1.19.0/plugins/com.st.stm32cube.common.mx_6.15.0.202507011659//db//mcu/
2025-09-29 15:41:21,963 [INFO] ApiDb:274 - Set plugin database path to: /opt/st/stm32cubeide_1.19.0/plugins/com.st.stm32cube.common.mx_6.15.0.202507011659//db//plugins/boardmanager/
2025-09-29 15:41:21,964 [WARN] ApiDb:259 - Overriding images path with different value:  => /opt/st/stm32cubeide_1.19.0/plugins/com.st.stm32cube.common.mx_6.15.0.202507011659//db//plugins/mcufinder/images/
2025-09-29 15:41:22,272 [INFO] ApiDb:250 - Set database path to: /home/pinkyflowy/.stmcufinder/plugins/mcufinder//mcu/
2025-09-29 15:41:22,293 [INFO] DbMcusAds:125 - Set database path to: /home/pinkyflowy/.stmcufinder/plugins/mcufinder//mcu/
2025-09-29 15:41:22,308 [INFO] CrossReferenceDbSqlite:203 - Set database path to: /home/pinkyflowy/.stmcufinder/plugins/mcufinder//mcu/cs/
2025-09-29 15:41:23,076 [INFO] RulesReader:64 - Compatibility file has been processed (317 Rules)
2025-09-29 15:41:23,704 [INFO] DbMcusXml:78 - Set database path to: /opt/st/stm32cubeide_1.19.0/plugins/com.st.stm32cube.common.mx_6.15.0.202507011659//db//mcu/
2025-09-29 15:41:23,704 [INFO] ApiDb:274 - Set plugin database path to: /opt/st/stm32cubeide_1.19.0/plugins/com.st.stm32cube.common.mx_6.15.0.202507011659//db//plugins/boardmanager/
2025-09-29 15:41:23,704 [INFO] ApiDb:261 - Set plugin images path to: /opt/st/stm32cubeide_1.19.0/plugins/com.st.stm32cube.common.mx_6.15.0.202507011659//db//plugins/mcufinder/images/
2025-09-29 15:41:23,704 [WARN] DbFile:41 - Overriding database path with different value: /home/pinkyflowy/.stmcufinder/plugins/mcufinder/ => /home/pinkyflowy/.stmcufinder/plugins/mcufinder
2025-09-29 15:41:23,704 [INFO] ApiDb:250 - Set database path to: /home/pinkyflowy/.stmcufinder/plugins/mcufinder//mcu/
2025-09-29 15:41:23,705 [WARN] DbFile:41 - Overriding database path with different value: /home/pinkyflowy/.stmcufinder/plugins/mcufinder/ => /home/pinkyflowy/.stmcufinder/plugins/mcufinder
2025-09-29 15:41:23,705 [INFO] DbMcusAds:125 - Set database path to: /home/pinkyflowy/.stmcufinder/plugins/mcufinder//mcu/
2025-09-29 15:41:23,705 [WARN] DbFile:41 - Overriding database path with different value: /home/pinkyflowy/.stmcufinder/plugins/mcufinder/ => /home/pinkyflowy/.stmcufinder/plugins/mcufinder
2025-09-29 15:41:23,705 [WARN] DbFile:41 - Overriding database path with different value: /home/pinkyflowy/.stmcufinder/plugins/mcufinder/ => /home/pinkyflowy/.stmcufinder/plugins/mcufinder
2025-09-29 15:41:23,705 [INFO] CrossReferenceDbSqlite:203 - Set database path to: /home/pinkyflowy/.stmcufinder/plugins/mcufinder//mcu/cs/
2025-09-29 15:41:24,218 [INFO] MainPanel:274 - HeapMemory: 268435456
2025-09-29 15:41:25,047 [INFO] DbMcusXml:78 - Set database path to: /opt/st/stm32cubeide_1.19.0/plugins/com.st.stm32cube.common.mx_6.15.0.202507011659//db//mcu/
2025-09-29 15:41:25,047 [INFO] ApiDb:274 - Set plugin database path to: /opt/st/stm32cubeide_1.19.0/plugins/com.st.stm32cube.common.mx_6.15.0.202507011659//db//plugins/boardmanager/
2025-09-29 15:41:25,047 [INFO] ApiDb:261 - Set plugin images path to: /opt/st/stm32cubeide_1.19.0/plugins/com.st.stm32cube.common.mx_6.15.0.202507011659//db//plugins/mcufinder/images/
2025-09-29 15:41:25,048 [WARN] DbFile:41 - Overriding database path with different value: /home/pinkyflowy/.stmcufinder/plugins/mcufinder/ => /home/pinkyflowy/.stmcufinder/plugins/mcufinder
2025-09-29 15:41:25,048 [INFO] ApiDb:250 - Set database path to: /home/pinkyflowy/.stmcufinder/plugins/mcufinder//mcu/
2025-09-29 15:41:25,048 [WARN] DbFile:41 - Overriding database path with different value: /home/pinkyflowy/.stmcufinder/plugins/mcufinder/ => /home/pinkyflowy/.stmcufinder/plugins/mcufinder
2025-09-29 15:41:25,049 [INFO] DbMcusAds:125 - Set database path to: /home/pinkyflowy/.stmcufinder/plugins/mcufinder//mcu/
2025-09-29 15:41:25,049 [WARN] DbFile:41 - Overriding database path with different value: /home/pinkyflowy/.stmcufinder/plugins/mcufinder/ => /home/pinkyflowy/.stmcufinder/plugins/mcufinder
2025-09-29 15:41:25,049 [WARN] DbFile:41 - Overriding database path with different value: /home/pinkyflowy/.stmcufinder/plugins/mcufinder/ => /home/pinkyflowy/.stmcufinder/plugins/mcufinder
2025-09-29 15:41:25,049 [INFO] CrossReferenceDbSqlite:203 - Set database path to: /home/pinkyflowy/.stmcufinder/plugins/mcufinder//mcu/cs/
2025-09-29 15:41:25,097 [INFO] ApplicationProperties:184 - Using Application install path: /opt/st/stm32cubeide_1.19.0/plugins/com.st.stm32cube.common.mx_6.15.0.202507011659
2025-09-29 15:41:25,110 [INFO] PluginManage:196 - Search for loadable plugins [exclusion list=, ]
2025-09-29 15:41:25,134 [INFO] PluginManage:310 - Check plugin analytics
2025-09-29 15:41:25,672 [INFO] AnalyticsPlugin:253 - Accepted Software Licenses: 
2025-09-29 15:41:25,672 [INFO] AnalyticsPlugin:255 - Accepted CMSIS Pack Licenses: 
2025-09-29 15:41:25,673 [INFO] AnalyticsPlugin:257 - Accepted Firmware Licenses: FW.L4.1.18.0
2025-09-29 15:41:25,678 [INFO] PluginManage:359 - Loaded plugin analytics (category:tool,tabindex:-1)
2025-09-29 15:41:25,678 [INFO] PluginManage:310 - Check plugin cadmodel
2025-09-29 15:41:25,701 [INFO] CADModel:105 - Init CAD model plugin
2025-09-29 15:41:25,702 [INFO] PluginManage:359 - Loaded plugin cadmodel (category:power,tabindex:5)
2025-09-29 15:41:25,702 [INFO] PluginManage:310 - Check plugin clock
2025-09-29 15:41:25,738 [INFO] PluginManage:359 - Loaded plugin clock (category:base,tabindex:2)
2025-09-29 15:41:25,738 [INFO] PluginManage:310 - Check plugin ddr
2025-09-29 15:41:25,761 [INFO] PluginManage:359 - Loaded plugin ddr (category:tool,tabindex:6)
2025-09-29 15:41:25,762 [INFO] PluginManage:310 - Check plugin filemanager
2025-09-29 15:41:26,173 [INFO] PluginManage:359 - Loaded plugin filemanager (category:base,tabindex:10)
2025-09-29 15:41:26,173 [INFO] PluginManage:310 - Check plugin ipmanager
2025-09-29 15:41:26,193 [INFO] PluginManage:359 - Loaded plugin ipmanager (category:base,tabindex:5)
2025-09-29 15:41:26,194 [INFO] PluginManage:310 - Check plugin lpbam
2025-09-29 15:41:26,230 [INFO] PluginManage:359 - Loaded plugin lpbam (category:base,tabindex:0)
2025-09-29 15:41:26,230 [INFO] PluginManage:310 - Check plugin memorymap
2025-09-29 15:41:26,294 [INFO] PluginManage:359 - Loaded plugin memorymap (category:base,tabindex:4)
2025-09-29 15:41:26,295 [INFO] PluginManage:310 - Check plugin pinoutandconfiguration
2025-09-29 15:41:26,364 [INFO] PluginManage:359 - Loaded plugin pinoutandconfiguration (category:base,tabindex:1)
2025-09-29 15:41:26,364 [INFO] PluginManage:310 - Check plugin pinoutconfig
2025-09-29 15:41:26,699 [WARN] SupportedApi:132 - Cannot load RTOS API schema: s4s-elt-must-match.1: The content of 'definitions' must match (annotation?, (simpleType | complexType)?, (unique | key | keyref)*)). A problem was found starting at: attribute.
2025-09-29 15:41:26,982 [INFO] PluginManage:359 - Loaded plugin pinoutconfig (category:base,tabindex:0)
2025-09-29 15:41:26,982 [INFO] PluginManage:310 - Check plugin power
2025-09-29 15:41:27,052 [INFO] PluginManage:359 - Loaded plugin power (category:power,tabindex:4)
2025-09-29 15:41:27,052 [INFO] PluginManage:310 - Check plugin projectmanager
2025-09-29 15:41:27,128 [INFO] PluginManage:359 - Loaded plugin projectmanager (category:projectmanager,tabindex:4)
2025-09-29 15:41:27,129 [INFO] PluginManage:310 - Check plugin rif
2025-09-29 15:41:27,180 [INFO] PluginManage:359 - Loaded plugin rif (category:base,tabindex:3)
2025-09-29 15:41:27,180 [INFO] PluginManage:310 - Check plugin thirdparty
2025-09-29 15:41:27,712 [WARN] IntegrityCheckThread:84 - waiting for thirdparty lock release [integrity check]
2025-09-29 15:41:27,713 [INFO] IntegrityCheckThread:86 - entering critical section [integrity check]
2025-09-29 15:41:27,714 [INFO] PluginManage:359 - Loaded plugin thirdparty (category:base,tabindex:-1)
2025-09-29 15:41:27,715 [INFO] ThirdPartyUpdaterWithRetryManager:70 - Updater plugin not ready yet. [1/15]
2025-09-29 15:41:27,715 [INFO] PluginManage:310 - Check plugin tools
2025-09-29 15:41:27,767 [INFO] PluginManage:359 - Loaded plugin tools (category:base,tabindex:7)
2025-09-29 15:41:27,767 [INFO] PluginManage:310 - Check plugin tutovideos
2025-09-29 15:41:28,232 [INFO] PluginManage:359 - Loaded plugin tutovideos (category:base,tabindex:-1)
2025-09-29 15:41:28,233 [INFO] PluginManage:310 - Check plugin updater
2025-09-29 15:41:28,295 [INFO] PluginManage:359 - Loaded plugin updater (category:base,tabindex:12)
2025-09-29 15:41:28,296 [INFO] PluginManage:310 - Check plugin userauth
2025-09-29 15:41:28,326 [INFO] UserAuth:118 - Init User Auth plugin
2025-09-29 15:41:28,327 [INFO] PluginManage:359 - Loaded plugin userauth (category:base,tabindex:14)
2025-09-29 15:41:28,328 [INFO] PluginManage:283 - PluginManage : Loaded plugins [18]
2025-09-29 15:41:29,039 [INFO] PinOutPanel:1589 - setPackage(No Configuration,No Configuration)
2025-09-29 15:41:29,216 [INFO] CADModel:165 - CPN selected for project level
2025-09-29 15:41:29,216 [INFO] CADModel:114 - Register for checkConnection events
2025-09-29 15:41:29,286 [INFO] IPUIPlugin:80 - create IPUIPlugin
2025-09-29 15:41:29,286 [INFO] PluginManager:220 - loadIPPluginJar : add can
2025-09-29 15:41:29,310 [INFO] IPUIPlugin:80 - create IPUIPlugin
2025-09-29 15:41:29,310 [INFO] PluginManager:220 - loadIPPluginJar : add openamp
2025-09-29 15:41:29,349 [INFO] IPUIPlugin:80 - create IPUIPlugin
2025-09-29 15:41:29,349 [INFO] PluginManager:220 - loadIPPluginJar : add ddr_ctrl_phy
2025-09-29 15:41:29,369 [INFO] IPUIPlugin:80 - create IPUIPlugin
2025-09-29 15:41:29,369 [INFO] PluginManager:220 - loadIPPluginJar : add usart
2025-09-29 15:41:29,401 [INFO] IPUIPlugin:80 - create IPUIPlugin
2025-09-29 15:41:29,401 [INFO] PluginManager:220 - loadIPPluginJar : add freertos
2025-09-29 15:41:29,407 [INFO] IPUIPlugin:80 - create IPUIPlugin
2025-09-29 15:41:29,407 [INFO] PluginManager:220 - loadIPPluginJar : add opamp
2025-09-29 15:41:29,420 [INFO] IPUIPlugin:80 - create IPUIPlugin
2025-09-29 15:41:29,421 [INFO] PluginManager:220 - loadIPPluginJar : add nvic
2025-09-29 15:41:29,423 [INFO] IPUIPlugin:80 - create IPUIPlugin
2025-09-29 15:41:29,423 [INFO] PluginManager:220 - loadIPPluginJar : add tsc
2025-09-29 15:41:29,448 [INFO] IPUIPlugin:80 - create IPUIPlugin
2025-09-29 15:41:29,448 [INFO] PluginManager:220 - loadIPPluginJar : add resmgrutility
2025-09-29 15:41:29,468 [INFO] IPUIPlugin:80 - create IPUIPlugin
2025-09-29 15:41:29,472 [INFO] PluginManager:220 - loadIPPluginJar : add plateformsettings
2025-09-29 15:41:29,476 [INFO] IPUIPlugin:80 - create IPUIPlugin
2025-09-29 15:41:29,477 [INFO] PluginManager:220 - loadIPPluginJar : add hash
2025-09-29 15:41:29,497 [INFO] IPUIPlugin:80 - create IPUIPlugin
2025-09-29 15:41:29,497 [INFO] PluginManager:220 - loadIPPluginJar : add linkedlist
2025-09-29 15:41:29,499 [INFO] IPUIPlugin:80 - create IPUIPlugin
2025-09-29 15:41:29,499 [INFO] PluginManager:220 - loadIPPluginJar : add tim
2025-09-29 15:41:29,519 [INFO] IPUIPlugin:80 - create IPUIPlugin
2025-09-29 15:41:29,519 [INFO] PluginManager:220 - loadIPPluginJar : add sai
2025-09-29 15:41:29,523 [INFO] IPUIPlugin:80 - create IPUIPlugin
2025-09-29 15:41:29,523 [INFO] PluginManager:220 - loadIPPluginJar : add pdm2pcm
2025-09-29 15:41:29,526 [INFO] IPUIPlugin:80 - create IPUIPlugin
2025-09-29 15:41:29,526 [INFO] PluginManager:220 - loadIPPluginJar : add i2c
2025-09-29 15:41:29,537 [INFO] IPUIPlugin:80 - create IPUIPlugin
2025-09-29 15:41:29,537 [INFO] PluginManager:220 - loadIPPluginJar : add aes
2025-09-29 15:41:29,541 [INFO] IPUIPlugin:80 - create IPUIPlugin
2025-09-29 15:41:29,541 [INFO] PluginManager:220 - loadIPPluginJar : add touchsensing
2025-09-29 15:41:29,544 [INFO] IPUIPlugin:80 - create IPUIPlugin
2025-09-29 15:41:29,544 [INFO] PluginManager:220 - loadIPPluginJar : add gfxmmu
2025-09-29 15:41:29,547 [INFO] IPUIPlugin:80 - create IPUIPlugin
2025-09-29 15:41:29,547 [INFO] PluginManager:220 - loadIPPluginJar : add lorawan
2025-09-29 15:41:29,549 [INFO] IPUIPlugin:80 - create IPUIPlugin
2025-09-29 15:41:29,550 [INFO] PluginManager:220 - loadIPPluginJar : add genericplugin
2025-09-29 15:41:29,559 [INFO] IPUIPlugin:80 - create IPUIPlugin
2025-09-29 15:41:29,559 [INFO] PluginManager:220 - loadIPPluginJar : add quadspi
2025-09-29 15:41:29,564 [INFO] IPUIPlugin:80 - create IPUIPlugin
2025-09-29 15:41:29,564 [INFO] PluginManager:220 - loadIPPluginJar : add cryp
2025-09-29 15:41:29,568 [INFO] IPUIPlugin:80 - create IPUIPlugin
2025-09-29 15:41:29,568 [INFO] PluginManager:220 - loadIPPluginJar : add i2s
2025-09-29 15:41:29,574 [INFO] IPUIPlugin:80 - create IPUIPlugin
2025-09-29 15:41:29,574 [INFO] PluginManager:220 - loadIPPluginJar : add gic
2025-09-29 15:41:29,597 [INFO] IPUIPlugin:80 - create IPUIPlugin
2025-09-29 15:41:29,597 [INFO] PluginManager:220 - loadIPPluginJar : add mdma
2025-09-29 15:41:29,601 [INFO] IPUIPlugin:80 - create IPUIPlugin
2025-09-29 15:41:29,602 [INFO] PluginManager:220 - loadIPPluginJar : add usbx
2025-09-29 15:41:29,605 [INFO] IPUIPlugin:80 - create IPUIPlugin
2025-09-29 15:41:29,605 [INFO] PluginManager:220 - loadIPPluginJar : add gtzc
2025-09-29 15:41:29,608 [INFO] IPUIPlugin:80 - create IPUIPlugin
2025-09-29 15:41:29,608 [INFO] PluginManager:220 - loadIPPluginJar : add ucpd
2025-09-29 15:41:29,612 [INFO] IPUIPlugin:80 - create IPUIPlugin
2025-09-29 15:41:29,612 [INFO] PluginManager:220 - loadIPPluginJar : add i3c
2025-09-29 15:41:29,614 [INFO] IPUIPlugin:80 - create IPUIPlugin
2025-09-29 15:41:29,615 [INFO] PluginManager:220 - loadIPPluginJar : add fatfs
2025-09-29 15:41:29,617 [INFO] IPUIPlugin:80 - create IPUIPlugin
2025-09-29 15:41:29,617 [INFO] PluginManager:220 - loadIPPluginJar : add ltdc
2025-09-29 15:41:29,625 [INFO] IPUIPlugin:80 - create IPUIPlugin
2025-09-29 15:41:29,625 [INFO] PluginManager:220 - loadIPPluginJar : add stm32_wpan
2025-09-29 15:41:29,641 [INFO] IPUIPlugin:80 - create IPUIPlugin
2025-09-29 15:41:29,641 [INFO] PluginManager:220 - loadIPPluginJar : add ipddr
2025-09-29 15:41:29,649 [INFO] IPUIPlugin:80 - create IPUIPlugin
2025-09-29 15:41:29,649 [INFO] PluginManager:220 - loadIPPluginJar : add gpio
2025-09-29 15:41:29,657 [INFO] IPUIPlugin:80 - create IPUIPlugin
2025-09-29 15:41:29,658 [INFO] PluginManager:220 - loadIPPluginJar : add adc
2025-09-29 15:41:29,660 [INFO] IPUIPlugin:80 - create IPUIPlugin
2025-09-29 15:41:29,661 [INFO] PluginManager:220 - loadIPPluginJar : add spi
2025-09-29 15:41:29,663 [INFO] IPUIPlugin:80 - create IPUIPlugin
2025-09-29 15:41:29,663 [INFO] PluginManager:220 - loadIPPluginJar : add comp
2025-09-29 15:41:29,670 [INFO] IPUIPlugin:80 - create IPUIPlugin
2025-09-29 15:41:29,671 [INFO] PluginManager:220 - loadIPPluginJar : add dma
2025-09-29 15:41:29,673 [INFO] IPUIPlugin:80 - create IPUIPlugin
2025-09-29 15:41:29,674 [INFO] PluginManager:220 - loadIPPluginJar : add radio
2025-09-29 15:41:29,677 [INFO] IPUIPlugin:80 - create IPUIPlugin
2025-09-29 15:41:29,677 [INFO] PluginManager:220 - loadIPPluginJar : add dfsdm
2025-09-29 15:41:29,681 [INFO] IPUIPlugin:80 - create IPUIPlugin
2025-09-29 15:41:29,681 [INFO] PluginManager:220 - loadIPPluginJar : add extmemmanager
2025-09-29 15:41:29,684 [INFO] IPUIPlugin:80 - create IPUIPlugin
2025-09-29 15:41:29,684 [INFO] PluginManager:220 - loadIPPluginJar : add dma3
2025-09-29 15:41:29,687 [INFO] IPUIPlugin:80 - create IPUIPlugin
2025-09-29 15:41:29,687 [INFO] PluginManager:220 - loadIPPluginJar : add ts
2025-09-29 15:41:29,689 [INFO] IPUIPlugin:80 - create IPUIPlugin
2025-09-29 15:41:29,690 [INFO] PluginManager:220 - loadIPPluginJar : add tracer_emb
2025-09-29 15:41:29,696 [INFO] IPUIPlugin:80 - create IPUIPlugin
2025-09-29 15:41:29,696 [INFO] PluginManager:220 - loadIPPluginJar : add fmc
2025-09-29 15:41:29,942 [FATAL] Updater:351 - Updater called before beeing initialized
2025-09-29 15:41:30,093 [INFO] RulesReader:64 - Compatibility file has been processed (317 Rules)
2025-09-29 15:41:30,116 [INFO] RulesReader:64 - Compatibility file has been processed (317 Rules)
2025-09-29 15:41:30,131 [INFO] CADModel:165 - CPN selected for project level
2025-09-29 15:41:30,134 [INFO] CADModel:114 - Register for checkConnection events
2025-09-29 15:41:30,134 [FATAL] Updater:351 - Updater called before beeing initialized
2025-09-29 15:41:30,134 [ERROR] CADModel:125 - Updater not yet initialized, retry later 
2025-09-29 15:41:30,602 [FATAL] Updater:351 - Updater called before beeing initialized
2025-09-29 15:41:30,606 [INFO] CADModel:165 - CPN selected for project level
2025-09-29 15:41:30,606 [INFO] CADModel:114 - Register for checkConnection events
2025-09-29 15:41:30,606 [FATAL] Updater:351 - Updater called before beeing initialized
2025-09-29 15:41:30,606 [ERROR] CADModel:125 - Updater not yet initialized, retry later 
2025-09-29 15:41:30,613 [FATAL] Updater:351 - Updater called before beeing initialized
2025-09-29 15:41:30,715 [INFO] ThirdPartyUpdaterWithRetryManager:70 - Updater plugin not ready yet. [2/15]
2025-09-29 15:41:30,762 [FATAL] Updater:351 - Updater called before beeing initialized
2025-09-29 15:41:30,795 [INFO] DbMcusAds:53 - JSON generation date=Tue Jul 08 10:14:23 CEST 2025 (1751962463582)
2025-09-29 15:41:30,795 [FATAL] Updater:351 - Updater called before beeing initialized
2025-09-29 15:41:30,935 [WARN] DetailPanel:346 - Failed to get advertising image, set to default
2025-09-29 15:41:31,102 [FATAL] Updater:351 - Updater called before beeing initialized
2025-09-29 15:41:31,147 [FATAL] Updater:351 - Updater called before beeing initialized
2025-09-29 15:41:31,147 [FATAL] Updater:351 - Updater called before beeing initialized
2025-09-29 15:41:31,147 [WARN] DetailPanel:346 - Failed to get advertising image, set to default
2025-09-29 15:41:31,149 [FATAL] Updater:351 - Updater called before beeing initialized
2025-09-29 15:41:31,293 [ERROR] Updater:1198 - MainUpdater not yet initialized. External WinMGr cannot be set.
2025-09-29 15:41:31,302 [INFO] Updater:1134 - Updater Version found : 6.15.0
2025-09-29 15:41:31,345 [INFO] ApplicationProperties:184 - Using Application install path: /opt/st/stm32cubeide_1.19.0/plugins/com.st.stm32cube.common.mx_6.15.0.202507011659
2025-09-29 15:41:32,136 [INFO] MainUpdater:2872 - connection check result : 10
2025-09-29 15:41:32,137 [INFO] MainUpdater:3604 - Updater definition file requires update
2025-09-29 15:41:32,137 [INFO] MainUpdater:289 - Updater Check For Update Now.
2025-09-29 15:41:32,138 [INFO] MicroXplorer:498 - Change Database Version : DB.6.0.150
2025-09-29 15:41:32,204 [INFO] McuFinderGlobals:63 - Set McuFinder mode to 2 (CubeIDE integrated)
2025-09-29 15:41:32,205 [INFO] UserAuth:171 - activating auth plugin
2025-09-29 15:41:32,207 [INFO] UserAuth:487 - Internet connection configuration mode: 1
2025-09-29 15:41:32,289 [INFO] ServerAccessManage:452 - Complete download http(s) 200
2025-09-29 15:41:32,290 [INFO] ServerAccessManage:509 - Download File updaters.zip
2025-09-29 15:41:32,411 [INFO] JxBrowserEngine:152 - Initiate JxBrowser Engine with user profile folder
2025-09-29 15:41:32,557 [INFO] FileExtend:248 - Unzip File : updaters.zip
2025-09-29 15:41:32,558 [INFO] FileExtend:263 - Standard Zip Deflate
2025-09-29 15:41:33,167 [INFO] ServerAccessManage:452 - Complete download http(s) 200
2025-09-29 15:41:33,167 [INFO] ServerAccessManage:509 - Download File PacksControlFlags.xml
2025-09-29 15:41:33,344 [INFO] ServerAccessManage:452 - Complete download http(s) 200
2025-09-29 15:41:33,345 [INFO] ServerAccessManage:509 - Download File cubemx.pidx
2025-09-29 15:41:33,716 [WARN] MainUpdater:1193 - Updater busy. Cannot search thirdparties
2025-09-29 15:41:33,716 [INFO] ThirdPartyUpdaterWithRetryManager:96 - Updater plugin is busy. [1/15]
2025-09-29 15:41:36,717 [WARN] MainUpdater:1193 - Updater busy. Cannot search thirdparties
2025-09-29 15:41:36,717 [INFO] ThirdPartyUpdaterWithRetryManager:96 - Updater plugin is busy. [2/15]
2025-09-29 15:41:37,288 [INFO] ServerAccessManage:452 - Complete download http(s) 200
2025-09-29 15:41:37,288 [INFO] ServerAccessManage:509 - Download File STMicroelectronics.X-CUBE-TOUCHGFX.pdsc
2025-09-29 15:41:39,717 [WARN] MainUpdater:1193 - Updater busy. Cannot search thirdparties
2025-09-29 15:41:39,718 [INFO] ThirdPartyUpdaterWithRetryManager:96 - Updater plugin is busy. [3/15]
2025-09-29 15:41:41,553 [WARN] PackLoader:240 - Cannot read IP mode file for STMicroelectronics.X-CUBE-TOUCHGFX.4.26.0
2025-09-29 15:41:41,554 [INFO] PopulateThirdPartyThread:66 - Ending populate Thread
2025-09-29 15:41:41,555 [INFO] ThirdParty:1030 - CMSIS Pack Vendor :STMicroelectronics X-CUBE-TOUCHGFX 4.26.0
2025-09-29 15:41:41,555 [INFO] LoadServerUpdatesThread:375 - End of LoadServerUpdate Thread
2025-09-29 15:41:41,601 [INFO] CheckServerUpdateThread:120 - End of CheckServer Thread
2025-09-29 15:41:44,046 [WARN] PackLoader:240 - Cannot read IP mode file for STMicroelectronics.FP-SNS-MOTENVWB1.1.4.0
2025-09-29 15:41:44,103 [WARN] PackLoader:240 - Cannot read IP mode file for STMicroelectronics.FP-ATR-ASTRA1.2.0.2
2025-09-29 15:41:44,151 [WARN] PackLoader:240 - Cannot read IP mode file for STMicroelectronics.X-CUBE-SMBUS.2.1.0
2025-09-29 15:41:44,182 [WARN] PackLoader:240 - Cannot read IP mode file for STMicroelectronics.X-CUBE-ST60.1.0.0
2025-09-29 15:41:44,260 [WARN] PackLoader:240 - Cannot read IP mode file for STMicroelectronics.X-CUBE-AZRTOS-F7.1.1.0
2025-09-29 15:41:44,297 [WARN] PackLoader:240 - Cannot read IP mode file for WES.I-CUBE-Cesium.1.4.0
2025-09-29 15:41:44,375 [WARN] PackLoader:240 - Cannot read IP mode file for Infineon.AIROC-Wi-Fi-Bluetooth-STM32.1.7.1
2025-09-29 15:41:44,500 [WARN] PackLoader:240 - Cannot read IP mode file for STMicroelectronics.X-CUBE-AZRTOS-H7.3.4.0
2025-09-29 15:41:44,547 [WARN] PackLoader:240 - Cannot read IP mode file for STMicroelectronics.X-CUBE-DISPLAY.3.0.0
2025-09-29 15:41:44,614 [WARN] PackLoader:240 - Cannot read IP mode file for STMicroelectronics.X-CUBE-NFC10.1.0.0
2025-09-29 15:41:44,643 [WARN] PackLoader:240 - Cannot read IP mode file for emotas.I-CUBE-CANOPEN.1.3.0
2025-09-29 15:41:44,674 [WARN] PackLoader:240 - Cannot read IP mode file for STMicroelectronics.FP-SNS-STBOX1.2.1.0
2025-09-29 15:41:44,699 [WARN] PackLoader:240 - Cannot read IP mode file for STMicroelectronics.FP-SNS-SMARTAG2.1.2.0
2025-09-29 15:41:44,732 [WARN] PackLoader:240 - Cannot read IP mode file for STMicroelectronics.FP-SNS-FLIGHT1.5.1.0
2025-09-29 15:41:44,773 [INFO] LogOutputStream:77 - [STDOUT_REDIRECT] 1 : Invalid condition id : UX_CORESTACK_Condition cause : null
2025-09-29 15:41:44,774 [INFO] LogOutputStream:77 - [STDOUT_REDIRECT] 1 : Invalid condition id : UX_CORESTACK_Condition cause : null
2025-09-29 15:41:44,774 [INFO] LogOutputStream:77 - [STDOUT_REDIRECT] 1 : Invalid condition id : UX_CORESTACK_Condition cause : null
2025-09-29 15:41:44,775 [INFO] LogOutputStream:77 - [STDOUT_REDIRECT] 1 : Invalid condition id : UX_CORESTACK_Condition cause : null
2025-09-29 15:41:44,775 [INFO] LogOutputStream:77 - [STDOUT_REDIRECT] 1 : Invalid condition id : UX_CORESTACK_Condition cause : null
2025-09-29 15:41:44,781 [WARN] PackLoader:240 - Cannot read IP mode file for STMicroelectronics.X-CUBE-AZRTOS-WL.2.0.0
2025-09-29 15:41:44,810 [WARN] PackLoader:240 - Cannot read IP mode file for STMicroelectronics.FP-SNS-MOTENV1.5.0.0
2025-09-29 15:41:44,844 [WARN] PackLoader:240 - Cannot read IP mode file for STMicroelectronics.X-CUBE-BLE2.3.3.0
2025-09-29 15:41:44,914 [WARN] PackLoader:240 - Cannot read IP mode file for STMicroelectronics.X-CUBE-NFC9.1.0.0
2025-09-29 15:41:44,945 [WARN] PackLoader:240 - Cannot read IP mode file for wolfSSL.I-CUBE-wolfSSL.5.8.2
2025-09-29 15:41:45,036 [WARN] PackLoader:240 - Cannot read IP mode file for STMicroelectronics.X-CUBE-BLE1.7.1.0
2025-09-29 15:41:45,068 [WARN] PackLoader:240 - Cannot read IP mode file for wolfSSL.I-CUBE-wolfMQTT.1.19.2
2025-09-29 15:41:45,096 [WARN] PackLoader:240 - Cannot read IP mode file for STMicroelectronics.X-CUBE-EEPRMA1.5.2.0
2025-09-29 15:41:45,158 [WARN] PackLoader:240 - Cannot read IP mode file for STMicroelectronics.X-CUBE-AZRTOS-G0.1.1.0
2025-09-29 15:41:45,340 [WARN] PackLoader:240 - Cannot read IP mode file for STMicroelectronics.X-CUBE-SAFEA1.1.2.2
2025-09-29 15:41:45,453 [WARN] PackLoader:240 - Cannot read IP mode file for STMicroelectronics.X-CUBE-NFC4.3.0.0
2025-09-29 15:41:45,477 [WARN] PackLoader:240 - Cannot read IP mode file for EmbeddedOffice.I-CUBE-FS-RTOS.1.0.1
2025-09-29 15:41:45,657 [WARN] PackLoader:240 - Cannot read IP mode file for STMicroelectronics.X-CUBE-WB05N.2.0.0
2025-09-29 15:41:45,706 [WARN] PackLoader:240 - Cannot read IP mode file for wolfSSL.I-CUBE-wolfTPM.3.8.0
2025-09-29 15:41:45,718 [WARN] PackLoader:240 - Cannot read IP mode file for STMicroelectronics.X-CUBE-TCPP.4.2.0
2025-09-29 15:41:45,787 [WARN] PackLoader:240 - Cannot read IP mode file for RealThread.X-CUBE-RT-Thread_Nano.4.1.1
2025-09-29 15:41:45,828 [WARN] PackLoader:240 - Cannot read IP mode file for STMicroelectronics.FP-ATR-SIGFOX1.3.2.0
2025-09-29 15:41:45,871 [WARN] PackLoader:240 - Cannot read IP mode file for ITTIA_DB.I-CUBE-ITTIADB.8.9.0
2025-09-29 15:41:45,915 [WARN] PackLoader:240 - Cannot read IP mode file for STMicroelectronics.X-CUBE-ST67W61.1.0.0
2025-09-29 15:41:45,950 [WARN] PackLoader:240 - Cannot read IP mode file for STMicroelectronics.X-CUBE-AI.10.2.0
2025-09-29 15:41:46,045 [WARN] PackLoader:240 - Cannot read IP mode file for SEGGER.I-CUBE-embOS.1.3.1
2025-09-29 15:41:46,103 [WARN] PackLoader:240 - Cannot read IP mode file for STMicroelectronics.X-CUBE-ALGOBUILD.1.4.0
2025-09-29 15:41:46,195 [WARN] PackLoader:240 - Cannot read IP mode file for STMicroelectronics.X-CUBE-MEMS1.11.3.0
2025-09-29 15:41:46,465 [WARN] PackLoader:240 - Cannot read IP mode file for STMicroelectronics.X-CUBE-PM33A1.1.0.0
2025-09-29 15:41:46,532 [WARN] PackLoader:240 - Cannot read IP mode file for STMicroelectronics.X-CUBE-AZRTOS-F4.1.1.0
2025-09-29 15:41:46,559 [WARN] PackLoader:240 - Cannot read IP mode file for Avnet-IotConnect.X-CUBE-IoTC-DA16k-PMOD.1.0.0
2025-09-29 15:41:46,569 [WARN] PackLoader:240 - Cannot read IP mode file for STMicroelectronics.X-CUBE-ISPU.2.1.0
2025-09-29 15:41:46,577 [WARN] PackLoader:240 - Cannot read IP mode file for STMicroelectronics.X-CUBE-NFC12.1.0.0
2025-09-29 15:41:46,691 [WARN] PackLoader:240 - Cannot read IP mode file for STMicroelectronics.X-CUBE-AZRTOS-L5.2.0.0
2025-09-29 15:41:46,723 [WARN] PackLoader:240 - Cannot read IP mode file for STMicroelectronics.X-CUBE-NFC6.3.1.0
2025-09-29 15:41:46,788 [WARN] PackLoader:240 - Cannot read IP mode file for STMicroelectronics.X-CUBE-FREERTOS.1.3.1
2025-09-29 15:41:46,790 [WARN] PackLoader:240 - Cannot read IP mode file for STMicroelectronics.X-CUBE-TOUCHGFX.4.26.0
2025-09-29 15:41:46,805 [WARN] PackLoader:240 - Cannot read IP mode file for STMicroelectronics.FP-SNS-STAIOTCFT.1.0.0
2025-09-29 15:41:46,834 [WARN] PackLoader:240 - Cannot read IP mode file for STMicroelectronics.X-CUBE-DPower.1.3.0
2025-09-29 15:41:46,880 [WARN] ConditionMgr:438 - getConditionDescription Invalid condition id : LAN8742 Phy interface Condition cause : null
2025-09-29 15:41:46,881 [WARN] PackLoader:240 - Cannot read IP mode file for STMicroelectronics.X-CUBE-AZRTOS-L4.2.0.0
2025-09-29 15:41:46,883 [WARN] ConditionMgr:1044 - genDependencies : Invalid condition id : LAN8742 Phy interface Condition cause : null
2025-09-29 15:41:46,883 [WARN] ConditionMgr:1044 - genDependencies : Invalid condition id : LAN8742 Phy interface Condition cause : null
2025-09-29 15:41:46,884 [WARN] ConditionMgr:1044 - genDependencies : Invalid condition id : LAN8742 Phy interface Condition cause : null
2025-09-29 15:41:46,918 [WARN] PackLoader:240 - Cannot read IP mode file for STMicroelectronics.X-CUBE-SFXS2LP1.4.0.0
2025-09-29 15:41:46,957 [WARN] PackLoader:240 - Cannot read IP mode file for STMicroelectronics.X-CUBE-BLEMGR.4.1.0
2025-09-29 15:41:47,074 [WARN] ConditionMgr:438 - getConditionDescription Invalid condition id : UX DEVICE CLASS RTOS Condition cause : null
2025-09-29 15:41:47,074 [WARN] ConditionMgr:438 - getConditionDescription Invalid condition id : UX DEVICE CLASS RTOS Condition cause : null
2025-09-29 15:41:47,078 [WARN] PackLoader:240 - Cannot read IP mode file for STMicroelectronics.X-CUBE-AZRTOS-WB.2.0.0
2025-09-29 15:41:47,079 [WARN] ConditionMgr:1044 - genDependencies : Invalid condition id : UX DEVICE CLASS RTOS Condition cause : null
2025-09-29 15:41:47,079 [WARN] ConditionMgr:1044 - genDependencies : Invalid condition id : UX DEVICE CLASS RTOS Condition cause : null
2025-09-29 15:41:47,079 [WARN] ConditionMgr:1044 - genDependencies : Invalid condition id : UX DEVICE CLASS RTOS Condition cause : null
2025-09-29 15:41:47,080 [WARN] ConditionMgr:1044 - genDependencies : Invalid condition id : UX DEVICE CLASS RTOS Condition cause : null
2025-09-29 15:41:47,080 [WARN] ConditionMgr:1044 - genDependencies : Invalid condition id : UX DEVICE CLASS RTOS Condition cause : null
2025-09-29 15:41:47,205 [WARN] PackLoader:240 - Cannot read IP mode file for STMicroelectronics.X-CUBE-GNSS1.7.0.1
2025-09-29 15:41:47,232 [WARN] PackLoader:240 - Cannot read IP mode file for STMicroelectronics.X-CUBE-TOUCHGFX.4.25.0
2025-09-29 15:41:47,336 [WARN] ConditionMgr:438 - getConditionDescription Invalid condition id : Cortex-A Device cause : null
2025-09-29 15:41:47,344 [WARN] ConditionMgr:1044 - genDependencies : Invalid condition id : Cortex-A Device cause : null
2025-09-29 15:41:47,344 [WARN] ConditionMgr:1044 - genDependencies : Invalid condition id : Cortex-A Device cause : null
2025-09-29 15:41:47,344 [WARN] ConditionMgr:1044 - genDependencies : Invalid condition id : Cortex-A Device cause : null
2025-09-29 15:41:47,378 [WARN] PackLoader:240 - Cannot read IP mode file for STMicroelectronics.X-CUBE-SUBG2.5.0.0
2025-09-29 15:41:47,439 [WARN] PackLoader:240 - Cannot read IP mode file for STMicroelectronics.X-CUBE-AZRTOS-H7RS.1.1.0
2025-09-29 15:41:47,486 [WARN] PackLoader:240 - Cannot read IP mode file for Cesanta.I-CUBE-Mongoose.7.13.0
2025-09-29 15:41:47,594 [WARN] PackLoader:240 - Cannot read IP mode file for STMicroelectronics.X-CUBE-AZRTOS-G4.2.0.0
2025-09-29 15:41:47,620 [WARN] PackLoader:240 - Cannot read IP mode file for wolfSSL.I-CUBE-wolfSSH.1.4.20
2025-09-29 15:41:47,642 [WARN] PackLoader:240 - Cannot read IP mode file for STMicroelectronics.X-CUBE-NFC7.2.0.0
2025-09-29 15:41:47,682 [WARN] PackLoader:240 - Cannot read IP mode file for STMicroelectronics.X-CUBE-IPS.3.1.0
2025-09-29 15:41:47,739 [WARN] PackLoader:240 - Cannot read IP mode file for STMicroelectronics.X-CUBE-ALS.1.0.2
2025-09-29 15:41:47,824 [WARN] PackLoader:240 - Cannot read IP mode file for STMicroelectronics.X-CUBE-STSE01.1.0.0
2025-09-29 15:41:47,858 [WARN] PackLoader:240 - Cannot read IP mode file for STMicroelectronics.X-CUBE-TOF1.3.4.3
2025-09-29 15:41:47,873 [INFO] ThirdParty:978 - Integrity check success = true
2025-09-29 15:41:47,874 [INFO] IntegrityCheckThread:100 - exiting critical section [integrity check]
2025-09-29 15:41:47,874 [INFO] IntegrityCheckThread:103 - End integrity checks thread
2025-09-29 15:41:48,210 [ERROR] LogOutputStream:75 - [STDERR_REDIRECT] 
